
(Aptana Studio 3:5876): LIBDBUSMENU-GTK-CRITICAL **: watch_submenu: assertion `GTK_IS_MENU_SHELL(menu)' failed

(Aptana Studio 3:5876): LIBDBUSMENU-GTK-CRITICAL **: watch_submenu: assertion `GTK_IS_MENU_SHELL(menu)' failed

(Aptana Studio 3:5876): LIBDBUSMENU-GTK-CRITICAL **: watch_submenu: assertion `GTK_IS_MENU_SHELL(menu)' failed

(Aptana Studio 3:5876): LIBDBUSMENU-GTK-CRITICAL **: watch_submenu: assertion `GTK_IS_MENU_SHELL(menu)' failed

(Aptana Studio 3:5876): LIBDBUSMENU-GTK-CRITICAL **: watch_submenu: assertion `GTK_IS_MENU_SHELL(menu)' failed

(Aptana Studio 3:5876): LIBDBUSMENU-GTK-CRITICAL **: watch_submenu: assertion `GTK_IS_MENU_SHELL(menu)' failed

(Aptana Studio 3:5876): LIBDBUSMENU-GTK-CRITICAL **: watch_submenu: assertion `GTK_IS_MENU_SHELL(menu)' failed

(Aptana Studio 3:5876): LIBDBUSMENU-GLIB-WARNING **: Trying to remove a child that doesn't believe we're its parent.

(Aptana Studio 3:5876): LIBDBUSMENU-GLIB-WARNING **: Trying to remove a child that doesn't believe we're its parent.

(Aptana Studio 3:5876): LIBDBUSMENU-GLIB-WARNING **: Trying to remove a child that doesn't believe we're its parent.
Created new window in existing browser session.

(Aptana Studio 3:5876): LIBDBUSMENU-GLIB-WARNING **: Trying to remove a child that doesn't believe we're its parent.

(Aptana Studio 3:5876): LIBDBUSMENU-GLIB-WARNING **: Trying to remove a child that doesn't believe we're its parent.

(Aptana Studio 3:5876): LIBDBUSMENU-GLIB-WARNING **: Trying to remove a child that doesn't believe we're its parent.

(Aptana Studio 3:5876): LIBDBUSMENU-GLIB-WARNING **: Trying to remove a child that doesn't believe we're its parent.

(Aptana Studio 3:5876): LIBDBUSMENU-GLIB-WARNING **: Trying to remove a child that doesn't believe we're its parent.

(Aptana Studio 3:5876): LIBDBUSMENU-GLIB-WARNING **: Trying to remove a child that doesn't believe we're its parent.

(Aptana Studio 3:5876): LIBDBUSMENU-GLIB-WARNING **: Trying to remove a child that doesn't believe we're its parent.

(Aptana Studio 3:5876): LIBDBUSMENU-GLIB-WARNING **: Trying to remove a child that doesn't believe we're its parent.
Exception in thread "Process watcher" org.eclipse.swt.SWTException: Widget is disposed
	at org.eclipse.swt.SWT.error(SWT.java:4282)
	at org.eclipse.swt.SWT.error(SWT.java:4197)
	at org.eclipse.swt.SWT.error(SWT.java:4168)
	at org.eclipse.swt.widgets.Widget.error(Widget.java:466)
	at org.eclipse.swt.widgets.Widget.getDisplay(Widget.java:552)
	at com.aptana.terminal.views.TerminalView.close(TerminalView.java:195)
	at com.aptana.terminal.views.TerminalView.processCompleted(TerminalView.java:211)
	at com.aptana.terminal.internal.ProcessLauncher.notofyProcessCompleted(ProcessLauncher.java:84)
	at com.aptana.terminal.internal.ProcessLauncher.access$0(ProcessLauncher.java:82)
	at com.aptana.terminal.internal.ProcessLauncher$1.run(ProcessLauncher.java:51)

(Aptana Studio 3:5876): LIBDBUSMENU-GTK-CRITICAL **: watch_submenu: assertion `GTK_IS_MENU_SHELL(menu)' failed

(Aptana Studio 3:5876): LIBDBUSMENU-GTK-CRITICAL **: watch_submenu: assertion `GTK_IS_MENU_SHELL(menu)' failed

(Aptana Studio 3:5876): LIBDBUSMENU-GTK-CRITICAL **: watch_submenu: assertion `GTK_IS_MENU_SHELL(menu)' failed

(Aptana Studio 3:5876): LIBDBUSMENU-GTK-CRITICAL **: watch_submenu: assertion `GTK_IS_MENU_SHELL(menu)' failed

(Aptana Studio 3:5876): LIBDBUSMENU-GLIB-WARNING **: Trying to remove a child that doesn't believe we're its parent.

(Aptana Studio 3:5876): LIBDBUSMENU-GTK-CRITICAL **: watch_submenu: assertion `GTK_IS_MENU_SHELL(menu)' failed

(Aptana Studio 3:5876): LIBDBUSMENU-GTK-CRITICAL **: watch_submenu: assertion `GTK_IS_MENU_SHELL(menu)' failed
Job found still running after platform shutdown.  Jobs should be canceled by the plugin that scheduled them during shutdown: com.aptana.usage.internal.DefaultAnalyticsEventHandler$1
Job found still running after platform shutdown.  Jobs should be canceled by the plugin that scheduled them during shutdown: com.aptana.usage.internal.DefaultAnalyticsEventHandler$1
